core-lib/build/intermediates/manifest_merge_blame_file/debug/manifest-merger-blame-debug-report.txt
1<?xml version="1.0" encoding="utf-8"?>
2<manifest xmlns:android="http://schemas.android.com/apk/res/android"
3    xmlns:tools="http://schemas.android.com/tools"
4    package="org.idpass.smartscanner.lib"
5    android:versionCode="1"
6    android:versionName="1" >
7
8    <uses-sdk
9        android:minSdkVersion="21"
9-->src/main/AndroidManifest.xml
10        android:targetSdkVersion="32" />
10-->src/main/AndroidManifest.xml
11
12    <uses-permission android:name="android.permission.ACCESS_NETWORK_STATE" />
12-->src/main/AndroidManifest.xml:7:5-79
12-->src/main/AndroidManifest.xml:7:22-76
13    <uses-permission android:name="android.permission.INTERNET" />
13-->src/main/AndroidManifest.xml:8:5-67
13-->src/main/AndroidManifest.xml:8:22-64
14    <uses-permission android:name="android.permission.CAMERA" />
14-->src/main/AndroidManifest.xml:9:5-65
14-->src/main/AndroidManifest.xml:9:22-62
15    <uses-permission android:name="android.permission.NFC" />
15-->src/main/AndroidManifest.xml:10:5-62
15-->src/main/AndroidManifest.xml:10:22-59
16
17    <uses-feature
17-->src/main/AndroidManifest.xml:12:5-82
18        android:name="android.hardware.nfc"
18-->src/main/AndroidManifest.xml:12:19-54
19        android:required="false" />
19-->src/main/AndroidManifest.xml:12:55-79
20    <uses-feature
20-->src/main/AndroidManifest.xml:13:5-84
21        android:name="android.hardware.camera"
21-->src/main/AndroidManifest.xml:13:19-57
22        android:required="true" />
22-->src/main/AndroidManifest.xml:13:58-81
23    <uses-feature
23-->src/main/AndroidManifest.xml:14:5-95
24        android:name="android.hardware.camera.autofocus"
24-->src/main/AndroidManifest.xml:14:19-67
25        android:required="false" />
25-->src/main/AndroidManifest.xml:14:68-92
26
27    <application
27-->src/main/AndroidManifest.xml:16:5-51:19
28        android:hardwareAccelerated="true"
28-->src/main/AndroidManifest.xml:18:9-43
29        android:supportsRtl="true"
29-->src/main/AndroidManifest.xml:19:9-35
30        android:theme="@style/AppTheme"
30-->src/main/AndroidManifest.xml:17:9-40
31        tools:ignore="UnusedAttribute" >
31-->src/main/AndroidManifest.xml:20:9-39
32        <meta-data
33            android:name="io.sentry.dsn"
33-->src/main/AndroidManifest.xml:21:20-48
34            android:value="https://90ebf03b06534e01a21f82c1b2e86ae2@sentry.newlogic.dev/4" />
34-->src/main/AndroidManifest.xml:21:49-71
35        <meta-data
35-->src/main/AndroidManifest.xml:22:9-74
36            android:name="io.sentry.debug"
36-->src/main/AndroidManifest.xml:22:20-50
37            android:value="true" />
37-->src/main/AndroidManifest.xml:22:51-71
38
39        <activity
39-->src/main/AndroidManifest.xml:23:9-45:20
40            android:name="org.idpass.smartscanner.lib.SmartScannerActivity"
40-->src/main/AndroidManifest.xml:24:13-48
41            android:configChanges="screenSize|screenLayout|smallestScreenSize|keyboardHidden"
41-->src/main/AndroidManifest.xml:25:13-94
42            android:exported="true"
42-->src/main/AndroidManifest.xml:27:13-36
43            android:keepScreenOn="true"
43-->src/main/AndroidManifest.xml:29:13-40
44            android:resizeableActivity="false"
44-->src/main/AndroidManifest.xml:26:13-47
45            android:screenOrientation="nosensor" >
45-->src/main/AndroidManifest.xml:28:13-49
46            <intent-filter>
46-->src/main/AndroidManifest.xml:30:13-44:29
47
48                <!-- Bundle intent -->
49                <action android:name="org.idpass.smartscanner.BARCODE_SCAN" />
49-->src/main/AndroidManifest.xml:32:17-79
49-->src/main/AndroidManifest.xml:32:25-76
50                <action android:name="org.idpass.smartscanner.IDPASS_LITE_SCAN" />
50-->src/main/AndroidManifest.xml:33:17-83
50-->src/main/AndroidManifest.xml:33:25-80
51                <action android:name="org.idpass.smartscanner.MRZ_SCAN" />
51-->src/main/AndroidManifest.xml:34:17-75
51-->src/main/AndroidManifest.xml:34:25-72
52                <action android:name="org.idpass.smartscanner.NFC_SCAN" />
52-->src/main/AndroidManifest.xml:35:17-75
52-->src/main/AndroidManifest.xml:35:25-72
53                <action android:name="org.idpass.smartscanner.QRCODE_SCAN" />
53-->src/main/AndroidManifest.xml:36:17-78
53-->src/main/AndroidManifest.xml:36:25-75
54                <!-- ODK bundle intent -->
55                <action android:name="org.idpass.smartscanner.odk.BARCODE_SCAN" />
55-->src/main/AndroidManifest.xml:38:17-83
55-->src/main/AndroidManifest.xml:38:25-80
56                <action android:name="org.idpass.smartscanner.odk.IDPASS_LITE_SCAN" />
56-->src/main/AndroidManifest.xml:39:17-87
56-->src/main/AndroidManifest.xml:39:25-84
57                <action android:name="org.idpass.smartscanner.odk.MRZ_SCAN" />
57-->src/main/AndroidManifest.xml:40:17-79
57-->src/main/AndroidManifest.xml:40:25-76
58                <action android:name="org.idpass.smartscanner.odk.NFC_SCAN" />
58-->src/main/AndroidManifest.xml:41:17-79
58-->src/main/AndroidManifest.xml:41:25-76
59                <action android:name="org.idpass.smartscanner.odk.QRCODE_SCAN" />
59-->src/main/AndroidManifest.xml:42:17-82
59-->src/main/AndroidManifest.xml:42:25-79
60
61                <category android:name="android.intent.category.DEFAULT" />
61-->src/main/AndroidManifest.xml:43:17-76
61-->src/main/AndroidManifest.xml:43:27-73
62            </intent-filter>
63        </activity>
64        <activity
64-->src/main/AndroidManifest.xml:46:9-50:42
65            android:name="org.idpass.smartscanner.lib.nfc.NFCActivity"
65-->src/main/AndroidManifest.xml:47:13-44
66            android:keepScreenOn="true"
66-->src/main/AndroidManifest.xml:50:13-40
67            android:launchMode="singleInstance"
67-->src/main/AndroidManifest.xml:49:13-48
68            android:screenOrientation="nosensor" />
68-->src/main/AndroidManifest.xml:48:13-49
69]
70    </application>
71
72</manifest>